2021-07-26 11:40:03.426  INFO 10231 --- [main] lavalink.server.Launcher                 : 

[32m       .  [31m _                  _ _       _    [32m__ _ _
[32m      /\\ [31m| | __ ___   ____ _| (_)_ __ | | __[32m\ \ \ \
[32m     ( ( )[31m| |/ _` \ \ / / _` | | | '_ \| |/ /[32m \ \ \ \
[32m      \\/ [31m| | (_| |\ V / (_| | | | | | |   < [32m  ) ) ) )
[32m       '  [31m|_|\__,_| \_/ \__,_|_|_|_| |_|_|\_\[32m / / / /
[0m    =========================================[32m/_/_/_/[0m

	Version:        3.3.2.5
	Build:          1222
	Build time:     11.04.2021 08:07:27 UTC
	Branch          master
	Commit:         7b914f2
	Commit time:    09.04.2021 17:14:27 UTC
	JVM:            15.0.2
	Lavaplayer      1.3.76

2021-07-26 11:40:03.621  INFO 10231 --- [main] lavalink.server.Launcher                 : Starting Launcher on Ganda-Macbook-Mano with PID 10231 (/Users/martasilva/Desktop/IvoooBot/Lavalink.jar started by martasilva in /Users/martasilva/Desktop/IvoooBot)
2021-07-26 11:40:03.622  INFO 10231 --- [main] lavalink.server.Launcher                 : No active profile set, falling back to default profiles: default
2021-07-26 11:40:06.444  WARN 10231 --- [main] io.undertow.websockets.jsr               : UT026010: Buffer pool was not set on WebSocketDeploymentInfo, the default pool will be used
2021-07-26 11:40:06.491  INFO 10231 --- [main] io.undertow.servlet                      : Initializing Spring embedded WebApplicationContext
2021-07-26 11:40:06.492  INFO 10231 --- [main] o.s.web.context.ContextLoader            : Root WebApplicationContext: initialization completed in 2794 ms
2021-07-26 11:40:07.250  WARN 10231 --- [main] l.server.config.SentryConfiguration      : Turning off sentry
2021-07-26 11:40:08.110  INFO 10231 --- [main] c.s.d.l.tools.GarbageCollectionMonitor   : GC monitoring enabled, reporting results every 2 minutes.
2021-07-26 11:40:08.450  INFO 10231 --- [main] lavalink.server.config.KoeConfiguration  : OS: Mac OS X, Arch: x86_64
2021-07-26 11:40:08.451  WARN 10231 --- [main] lavalink.server.config.KoeConfiguration  : This system and architecture appears to not support native audio sending! GC pauses may cause your bot to stutter during playback.
2021-07-26 11:40:08.968  INFO 10231 --- [main] o.s.s.concurrent.ThreadPoolTaskExecutor  : Initializing ExecutorService 'applicationTaskExecutor'
2021-07-26 11:40:09.614  INFO 10231 --- [main] org.xnio                                 : XNIO version 3.3.8.Final
2021-07-26 11:40:09.634  INFO 10231 --- [main] org.xnio.nio                             : XNIO NIO Implementation Version 3.3.8.Final
2021-07-26 11:40:09.787  INFO 10231 --- [main] o.s.b.w.e.u.UndertowServletWebServer     : Undertow started on port(s) 2003 (http) with context path ''
2021-07-26 11:40:09.794  INFO 10231 --- [main] lavalink.server.Launcher                 : Started Launcher in 7.571 seconds (JVM running for 8.758)
2021-07-26 11:40:09.797  INFO 10231 --- [main] lavalink.server.Launcher                 : You can safely ignore the big red warning about illegal reflection. See https://github.com/Frederikam/Lavalink/issues/295
2021-07-26 11:42:33.063  INFO 10231 --- [Thread-1] o.s.s.concurrent.ThreadPoolTaskExecutor  : Shutting down ExecutorService 'applicationTaskExecutor'
2021-07-26 11:42:33.064  INFO 10231 --- [Thread-1] c.s.d.l.tools.GarbageCollectionMonitor   : GC monitoring disabled.
